<?xml version="1.0" encoding="UTF-8"?>
<testsuite xmlns:xsi="http://www.w3.org/2001/XMLSchema-instance" xsi:noNamespaceSchemaLocation="https://maven.apache.org/surefire/maven-surefire-plugin/xsd/surefire-test-report-3.0.xsd" version="3.0" name="service.movie.MovieGenreServiceTest" time="0.188" tests="5" errors="0" skipped="0" failures="0">
  <properties>
[...]
</properties>
  <testcase name="testSingletonInstance" classname="service.movie.MovieGenreServiceTest" time="0.187"/>
  <testcase name="testInitializeGenresWithEmptyApiResponse" classname="service.movie.MovieGenreServiceTest" time="0.0"/>
  <testcase name="testGetGenreId" classname="service.movie.MovieGenreServiceTest" time="0.0"/>
  <testcase name="testHasGenre" classname="service.movie.MovieGenreServiceTest" time="0.001"/>
  <testcase name="testGetGenreName" classname="service.movie.MovieGenreServiceTest" time="0.0"/>
</testsuite>